<?xml version="1.0" encoding="UTF-8"?>
<testng-results ignored="0" total="5" passed="4" failed="1" skipped="0">
  <reporter-output>
  </reporter-output>
  <suite started-at="2022-11-29T22:16:11Z" name="com.salesforce.tests.LoginTest" finished-at="2022-11-29T22:17:16Z" duration-ms="65435">
    <groups>
    </groups>
    <test started-at="2022-11-29T22:16:11Z" name="Command line test" finished-at="2022-11-29T22:17:16Z" duration-ms="65435">
      <class name="com.salesforce.tests.LoginTest">
        <test-method is-config="true" signature="beforeMethod()[pri:0, instance:com.salesforce.tests.LoginTest@5c072e3f]" started-at="2022-11-29T22:16:11Z" name="beforeMethod" finished-at="2022-11-29T22:16:18Z" duration-ms="7681" status="PASS">
          <reporter-output>
          </reporter-output>
        </test-method> <!-- beforeMethod -->
        <test-method signature="forgotpassword()[pri:0, instance:com.salesforce.tests.LoginTest@5c072e3f]" started-at="2022-11-29T22:16:18Z" name="forgotpassword" finished-at="2022-11-29T22:16:20Z" duration-ms="1628" status="FAIL">
          <exception class="java.lang.AssertionError">
            <message>
              <![CDATA[expected [We’ve sent you an email with a link to finish resetting your password.] but found [Weâ€™ve sent you an email with a link to finish resetting your password.]]]>
            </message>
            <full-stacktrace>
              <![CDATA[java.lang.AssertionError: expected [We’ve sent you an email with a link to finish resetting your password.] but found [Weâ€™ve sent you an email with a link to finish resetting your password.]
at org.testng.Assert.fail(Assert.java:96)
at org.testng.Assert.failNotEquals(Assert.java:776)
at org.testng.Assert.assertEqualsImpl(Assert.java:137)
at org.testng.Assert.assertEquals(Assert.java:118)
at org.testng.Assert.assertEquals(Assert.java:453)
at org.testng.Assert.assertEquals(Assert.java:463)
at com.salesforce.tests.LoginTest.forgotpassword(LoginTest.java:92)
at java.base/jdk.internal.reflect.NativeMethodAccessorImpl.invoke0(Native Method)
at java.base/jdk.internal.reflect.NativeMethodAccessorImpl.invoke(NativeMethodAccessorImpl.java:77)
at java.base/jdk.internal.reflect.DelegatingMethodAccessorImpl.invoke(DelegatingMethodAccessorImpl.java:43)
at java.base/java.lang.reflect.Method.invoke(Method.java:568)
at org.testng.internal.MethodInvocationHelper.invokeMethod(MethodInvocationHelper.java:124)
at org.testng.internal.Invoker.invokeMethod(Invoker.java:583)
at org.testng.internal.Invoker.invokeTestMethod(Invoker.java:719)
at org.testng.internal.Invoker.invokeTestMethods(Invoker.java:989)
at org.testng.internal.TestMethodWorker.invokeTestMethods(TestMethodWorker.java:125)
at org.testng.internal.TestMethodWorker.run(TestMethodWorker.java:109)
at org.testng.TestRunner.privateRun(TestRunner.java:648)
at org.testng.TestRunner.run(TestRunner.java:505)
at org.testng.SuiteRunner.runTest(SuiteRunner.java:455)
at org.testng.SuiteRunner.runSequentially(SuiteRunner.java:450)
at org.testng.SuiteRunner.privateRun(SuiteRunner.java:415)
at org.testng.SuiteRunner.run(SuiteRunner.java:364)
at org.testng.SuiteRunnerWorker.runSuite(SuiteRunnerWorker.java:52)
at org.testng.SuiteRunnerWorker.run(SuiteRunnerWorker.java:84)
at org.testng.TestNG.runSuitesSequentially(TestNG.java:1208)
at org.testng.TestNG.runSuitesLocally(TestNG.java:1137)
at org.testng.TestNG.runSuites(TestNG.java:1049)
at org.testng.TestNG.run(TestNG.java:1017)
at org.apache.maven.surefire.testng.TestNGExecutor.run(TestNGExecutor.java:77)
at org.apache.maven.surefire.testng.TestNGDirectoryTestSuite.execute(TestNGDirectoryTestSuite.java:110)
at org.apache.maven.surefire.testng.TestNGProvider.invoke(TestNGProvider.java:106)
at java.base/jdk.internal.reflect.NativeMethodAccessorImpl.invoke0(Native Method)
at java.base/jdk.internal.reflect.NativeMethodAccessorImpl.invoke(NativeMethodAccessorImpl.java:77)
at java.base/jdk.internal.reflect.DelegatingMethodAccessorImpl.invoke(DelegatingMethodAccessorImpl.java:43)
at java.base/java.lang.reflect.Method.invoke(Method.java:568)
at org.apache.maven.surefire.util.ReflectionUtils.invokeMethodWithArray(ReflectionUtils.java:189)
at org.apache.maven.surefire.booter.ProviderFactory$ProviderProxy.invoke(ProviderFactory.java:165)
at org.apache.maven.surefire.booter.ProviderFactory.invokeProvider(ProviderFactory.java:85)
at org.apache.maven.surefire.booter.ForkedBooter.runSuitesInProcess(ForkedBooter.java:115)
at org.apache.maven.surefire.booter.ForkedBooter.main(ForkedBooter.java:75)
]]>
            </full-stacktrace>
          </exception> <!-- java.lang.AssertionError -->
          <reporter-output>
          </reporter-output>
        </test-method> <!-- forgotpassword -->
        <test-method is-config="true" signature="afterMethod()[pri:0, instance:com.salesforce.tests.LoginTest@5c072e3f]" started-at="2022-11-29T22:16:20Z" name="afterMethod" finished-at="2022-11-29T22:16:20Z" duration-ms="148" status="PASS">
          <reporter-output>
          </reporter-output>
        </test-method> <!-- afterMethod -->
        <test-method is-config="true" signature="beforeMethod()[pri:0, instance:com.salesforce.tests.LoginTest@5c072e3f]" started-at="2022-11-29T22:16:20Z" name="beforeMethod" finished-at="2022-11-29T22:16:25Z" duration-ms="4976" status="PASS">
          <reporter-output>
          </reporter-output>
        </test-method> <!-- beforeMethod -->
        <test-method signature="forgotpasswordB()[pri:0, instance:com.salesforce.tests.LoginTest@5c072e3f]" started-at="2022-11-29T22:16:25Z" name="forgotpasswordB" finished-at="2022-11-29T22:16:26Z" duration-ms="679" status="PASS">
          <reporter-output>
          </reporter-output>
        </test-method> <!-- forgotpasswordB -->
        <test-method is-config="true" signature="afterMethod()[pri:0, instance:com.salesforce.tests.LoginTest@5c072e3f]" started-at="2022-11-29T22:16:26Z" name="afterMethod" finished-at="2022-11-29T22:16:26Z" duration-ms="144" status="PASS">
          <reporter-output>
          </reporter-output>
        </test-method> <!-- afterMethod -->
        <test-method is-config="true" signature="beforeMethod()[pri:0, instance:com.salesforce.tests.LoginTest@5c072e3f]" started-at="2022-11-29T22:16:26Z" name="beforeMethod" finished-at="2022-11-29T22:16:31Z" duration-ms="5445" status="PASS">
          <reporter-output>
          </reporter-output>
        </test-method> <!-- beforeMethod -->
        <test-method signature="loginFail()[pri:0, instance:com.salesforce.tests.LoginTest@5c072e3f]" started-at="2022-11-29T22:16:31Z" name="loginFail" finished-at="2022-11-29T22:16:34Z" duration-ms="2827" status="PASS">
          <reporter-output>
          </reporter-output>
        </test-method> <!-- loginFail -->
        <test-method is-config="true" signature="afterMethod()[pri:0, instance:com.salesforce.tests.LoginTest@5c072e3f]" started-at="2022-11-29T22:16:34Z" name="afterMethod" finished-at="2022-11-29T22:16:34Z" duration-ms="162" status="PASS">
          <reporter-output>
          </reporter-output>
        </test-method> <!-- afterMethod -->
        <test-method is-config="true" signature="beforeMethod()[pri:0, instance:com.salesforce.tests.LoginTest@5c072e3f]" started-at="2022-11-29T22:16:34Z" name="beforeMethod" finished-at="2022-11-29T22:16:39Z" duration-ms="4694" status="PASS">
          <reporter-output>
          </reporter-output>
        </test-method> <!-- beforeMethod -->
        <test-method signature="loginSuccess()[pri:0, instance:com.salesforce.tests.LoginTest@5c072e3f]" started-at="2022-11-29T22:16:39Z" name="loginSuccess" finished-at="2022-11-29T22:16:39Z" duration-ms="476" status="PASS">
          <reporter-output>
          </reporter-output>
        </test-method> <!-- loginSuccess -->
        <test-method is-config="true" signature="afterMethod()[pri:0, instance:com.salesforce.tests.LoginTest@5c072e3f]" started-at="2022-11-29T22:16:39Z" name="afterMethod" finished-at="2022-11-29T22:16:56Z" duration-ms="16320" status="PASS">
          <reporter-output>
          </reporter-output>
        </test-method> <!-- afterMethod -->
        <test-method is-config="true" signature="beforeMethod()[pri:0, instance:com.salesforce.tests.LoginTest@5c072e3f]" started-at="2022-11-29T22:16:56Z" name="beforeMethod" finished-at="2022-11-29T22:17:01Z" duration-ms="5180" status="PASS">
          <reporter-output>
          </reporter-output>
        </test-method> <!-- beforeMethod -->
        <test-method signature="usernamecheck()[pri:0, instance:com.salesforce.tests.LoginTest@5c072e3f]" started-at="2022-11-29T22:17:01Z" name="usernamecheck" finished-at="2022-11-29T22:17:16Z" duration-ms="14796" status="PASS">
          <reporter-output>
          </reporter-output>
        </test-method> <!-- usernamecheck -->
        <test-method is-config="true" signature="afterMethod()[pri:0, instance:com.salesforce.tests.LoginTest@5c072e3f]" started-at="2022-11-29T22:17:16Z" name="afterMethod" finished-at="2022-11-29T22:17:16Z" duration-ms="231" status="PASS">
          <reporter-output>
          </reporter-output>
        </test-method> <!-- afterMethod -->
      </class> <!-- com.salesforce.tests.LoginTest -->
    </test> <!-- Command line test -->
  </suite> <!-- com.salesforce.tests.LoginTest -->
</testng-results>
